[debug] [2025-06-14T16:58:59.600Z] ----------------------------------------------------------------------
[debug] [2025-06-14T16:58:59.605Z] Command:       C:\Program Files\nodejs\node.exe C:\Users\raman\AppData\Roaming\npm\node_modules\firebase-tools\lib\bin\firebase.js deploy
[debug] [2025-06-14T16:58:59.606Z] CLI Version:   14.7.0
[debug] [2025-06-14T16:58:59.606Z] Platform:      win32
[debug] [2025-06-14T16:58:59.606Z] Node Version:  v22.14.0
[debug] [2025-06-14T16:58:59.607Z] Time:          Sat Jun 14 2025 22:28:59 GMT+0530 (India Standard Time)
[debug] [2025-06-14T16:58:59.607Z] ----------------------------------------------------------------------
[debug] 
[debug] [2025-06-14T16:59:00.013Z] Object "/database" in "firebase.json" has unknown property: {"additionalProperty":"instance"}
[debug] [2025-06-14T16:59:00.014Z] Field "/database" in "firebase.json" is possibly invalid: must be array
[debug] [2025-06-14T16:59:00.014Z] Field "/database" in "firebase.json" is possibly invalid: must match a schema in anyOf
[debug] [2025-06-14T16:59:00.021Z] > command requires scopes: ["email","openid","https://www.googleapis.com/auth/cloudplatformprojects.readonly","https://www.googleapis.com/auth/firebase","https://www.googleapis.com/auth/cloud-platform"]
[debug] [2025-06-14T16:59:00.022Z] > authorizing via signed-in user (ramangautam0037@gmail.com)
[debug] [2025-06-14T16:59:00.022Z] [iam] checking project adminlogin-5a98a for permissions ["datastore.indexes.create","datastore.indexes.delete","datastore.indexes.list","datastore.indexes.update","firebase.projects.get","firebasedatabase.instances.update","firebasehosting.sites.update"]
[debug] [2025-06-14T16:59:00.024Z] Checked if tokens are valid: true, expires at: 1749921437847
[debug] [2025-06-14T16:59:00.024Z] Checked if tokens are valid: true, expires at: 1749921437847
[debug] [2025-06-14T16:59:00.026Z] >>> [apiv2][query] POST https://cloudresourcemanager.googleapis.com/v1/projects/adminlogin-5a98a:testIamPermissions [none]
[debug] [2025-06-14T16:59:00.026Z] >>> [apiv2][(partial)header] POST https://cloudresourcemanager.googleapis.com/v1/projects/adminlogin-5a98a:testIamPermissions x-goog-quota-user=projects/adminlogin-5a98a
[debug] [2025-06-14T16:59:00.026Z] >>> [apiv2][body] POST https://cloudresourcemanager.googleapis.com/v1/projects/adminlogin-5a98a:testIamPermissions {"permissions":["datastore.indexes.create","datastore.indexes.delete","datastore.indexes.list","datastore.indexes.update","firebase.projects.get","firebasedatabase.instances.update","firebasehosting.sites.update"]}
[debug] [2025-06-14T16:59:13.186Z] <<< [apiv2][status] POST https://cloudresourcemanager.googleapis.com/v1/projects/adminlogin-5a98a:testIamPermissions 200
[debug] [2025-06-14T16:59:13.186Z] <<< [apiv2][body] POST https://cloudresourcemanager.googleapis.com/v1/projects/adminlogin-5a98a:testIamPermissions {"permissions":["datastore.indexes.create","datastore.indexes.delete","datastore.indexes.list","datastore.indexes.update","firebase.projects.get","firebasedatabase.instances.update","firebasehosting.sites.update"]}
[debug] [2025-06-14T16:59:13.187Z] Checked if tokens are valid: true, expires at: 1749921437847
[debug] [2025-06-14T16:59:13.187Z] Checked if tokens are valid: true, expires at: 1749921437847
[debug] [2025-06-14T16:59:13.188Z] >>> [apiv2][query] GET https://firebase.googleapis.com/v1beta1/projects/adminlogin-5a98a [none]
[debug] [2025-06-14T16:59:14.682Z] <<< [apiv2][status] GET https://firebase.googleapis.com/v1beta1/projects/adminlogin-5a98a 200
[debug] [2025-06-14T16:59:14.682Z] <<< [apiv2][body] GET https://firebase.googleapis.com/v1beta1/projects/adminlogin-5a98a {"projectId":"adminlogin-5a98a","projectNumber":"1093434294769","displayName":"AdminLogin","name":"projects/adminlogin-5a98a","resources":{"hostingSite":"adminlogin-5a98a","realtimeDatabaseInstance":"adminlogin-5a98a-default-rtdb"},"state":"ACTIVE","etag":"1_4f8eb6b3-10ce-411d-9e66-61595908e567"}
[debug] [2025-06-14T16:59:14.683Z] Checked if tokens are valid: true, expires at: 1749921437847
[debug] [2025-06-14T16:59:14.683Z] Checked if tokens are valid: true, expires at: 1749921437847
[debug] [2025-06-14T16:59:14.683Z] >>> [apiv2][query] GET https://firebase.googleapis.com/v1beta1/projects/adminlogin-5a98a [none]
[debug] [2025-06-14T16:59:15.807Z] <<< [apiv2][status] GET https://firebase.googleapis.com/v1beta1/projects/adminlogin-5a98a 200
[debug] [2025-06-14T16:59:15.808Z] <<< [apiv2][body] GET https://firebase.googleapis.com/v1beta1/projects/adminlogin-5a98a {"projectId":"adminlogin-5a98a","projectNumber":"1093434294769","displayName":"AdminLogin","name":"projects/adminlogin-5a98a","resources":{"hostingSite":"adminlogin-5a98a","realtimeDatabaseInstance":"adminlogin-5a98a-default-rtdb"},"state":"ACTIVE","etag":"1_4f8eb6b3-10ce-411d-9e66-61595908e567"}
[info] 
[info] === Deploying to 'adminlogin-5a98a'...
[info] 
[info] i  deploying database, firestore, hosting 
[info] i  database: checking rules syntax... 
[debug] [2025-06-14T16:59:15.817Z] Checked if tokens are valid: true, expires at: 1749921437847
[debug] [2025-06-14T16:59:15.817Z] Checked if tokens are valid: true, expires at: 1749921437847
[debug] [2025-06-14T16:59:15.818Z] >>> [apiv2][query] GET https://firebasedatabase.googleapis.com/v1beta/projects/adminlogin-5a98a/locations/-/instances/adminlogin-5a98a-default-rtdb [none]
[debug] [2025-06-14T16:59:25.827Z] *** [apiv2] error from fetch(https://firebasedatabase.googleapis.com/v1beta/projects/adminlogin-5a98a/locations/-/instances/adminlogin-5a98a-default-rtdb, {"headers":{},"method":"GET","signal":{}}): AbortError: The user aborted a request.
[debug] [2025-06-14T16:59:25.827Z] Timeout reached making request to https://firebasedatabase.googleapis.com/v1beta/projects/adminlogin-5a98a/locations/-/instances/adminlogin-5a98a-default-rtdb
[debug] [2025-06-14T16:59:25.829Z] FirebaseError: Timeout reached making request to https://firebasedatabase.googleapis.com/v1beta/projects/adminlogin-5a98a/locations/-/instances/adminlogin-5a98a-default-rtdb
    at RetryOperation._fn (C:\Users\raman\AppData\Roaming\npm\node_modules\firebase-tools\lib\apiv2.js:257:35)
    at process.processTicksAndRejections (node:internal/process/task_queues:105:5)
[error] 
[error] Error: Failed to get instance details for instance: adminlogin-5a98a-default-rtdb. See firebase-debug.log for more details.
[debug] [2025-06-14T16:59:51.010Z] ----------------------------------------------------------------------
[debug] [2025-06-14T16:59:51.015Z] Command:       C:\Program Files\nodejs\node.exe C:\Users\raman\AppData\Roaming\npm\node_modules\firebase-tools\lib\bin\firebase.js deploy
[debug] [2025-06-14T16:59:51.016Z] CLI Version:   14.7.0
[debug] [2025-06-14T16:59:51.016Z] Platform:      win32
[debug] [2025-06-14T16:59:51.017Z] Node Version:  v22.14.0
[debug] [2025-06-14T16:59:51.017Z] Time:          Sat Jun 14 2025 22:29:51 GMT+0530 (India Standard Time)
[debug] [2025-06-14T16:59:51.018Z] ----------------------------------------------------------------------
[debug] 
[debug] [2025-06-14T16:59:51.392Z] Object "/database" in "firebase.json" has unknown property: {"additionalProperty":"instance"}
[debug] [2025-06-14T16:59:51.393Z] Field "/database" in "firebase.json" is possibly invalid: must be array
[debug] [2025-06-14T16:59:51.393Z] Field "/database" in "firebase.json" is possibly invalid: must match a schema in anyOf
[debug] [2025-06-14T16:59:51.401Z] > command requires scopes: ["email","openid","https://www.googleapis.com/auth/cloudplatformprojects.readonly","https://www.googleapis.com/auth/firebase","https://www.googleapis.com/auth/cloud-platform"]
[debug] [2025-06-14T16:59:51.401Z] > authorizing via signed-in user (ramangautam0037@gmail.com)
[debug] [2025-06-14T16:59:51.401Z] [iam] checking project adminlogin-5a98a for permissions ["datastore.indexes.create","datastore.indexes.delete","datastore.indexes.list","datastore.indexes.update","firebase.projects.get","firebasedatabase.instances.update","firebasehosting.sites.update"]
[debug] [2025-06-14T16:59:51.403Z] Checked if tokens are valid: true, expires at: 1749921437847
[debug] [2025-06-14T16:59:51.404Z] Checked if tokens are valid: true, expires at: 1749921437847
[debug] [2025-06-14T16:59:51.406Z] >>> [apiv2][query] POST https://cloudresourcemanager.googleapis.com/v1/projects/adminlogin-5a98a:testIamPermissions [none]
[debug] [2025-06-14T16:59:51.406Z] >>> [apiv2][(partial)header] POST https://cloudresourcemanager.googleapis.com/v1/projects/adminlogin-5a98a:testIamPermissions x-goog-quota-user=projects/adminlogin-5a98a
[debug] [2025-06-14T16:59:51.406Z] >>> [apiv2][body] POST https://cloudresourcemanager.googleapis.com/v1/projects/adminlogin-5a98a:testIamPermissions {"permissions":["datastore.indexes.create","datastore.indexes.delete","datastore.indexes.list","datastore.indexes.update","firebase.projects.get","firebasedatabase.instances.update","firebasehosting.sites.update"]}
[debug] [2025-06-14T17:00:16.494Z] *** [apiv2] error from fetch(https://cloudresourcemanager.googleapis.com/v1/projects/adminlogin-5a98a:testIamPermissions, {"headers":{},"method":"POST","body":"{\"permissions\":[\"datastore.indexes.create\",\"datastore.indexes.delete\",\"datastore.indexes.list\",\"datastore.indexes.update\",\"firebase.projects.get\",\"firebasedatabase.instances.update\",\"firebasehosting.sites.update\"]}"}): FetchError: request to https://cloudresourcemanager.googleapis.com/v1/projects/adminlogin-5a98a:testIamPermissions failed, reason: 
[debug] [2025-06-14T17:00:16.495Z] [iam] error while checking permissions, command may fail: Failed to make request to https://cloudresourcemanager.googleapis.com/v1/projects/adminlogin-5a98a:testIamPermissions
[debug] [2025-06-14T17:00:16.496Z] Checked if tokens are valid: true, expires at: 1749921437847
[debug] [2025-06-14T17:00:16.496Z] Checked if tokens are valid: true, expires at: 1749921437847
[debug] [2025-06-14T17:00:16.497Z] >>> [apiv2][query] GET https://firebase.googleapis.com/v1beta1/projects/adminlogin-5a98a [none]
[debug] [2025-06-14T17:00:30.294Z] <<< [apiv2][status] GET https://firebase.googleapis.com/v1beta1/projects/adminlogin-5a98a 200
[debug] [2025-06-14T17:00:30.295Z] <<< [apiv2][body] GET https://firebase.googleapis.com/v1beta1/projects/adminlogin-5a98a {"projectId":"adminlogin-5a98a","projectNumber":"1093434294769","displayName":"AdminLogin","name":"projects/adminlogin-5a98a","resources":{"hostingSite":"adminlogin-5a98a","realtimeDatabaseInstance":"adminlogin-5a98a-default-rtdb"},"state":"ACTIVE","etag":"1_4f8eb6b3-10ce-411d-9e66-61595908e567"}
[debug] [2025-06-14T17:00:30.295Z] Checked if tokens are valid: true, expires at: 1749921437847
[debug] [2025-06-14T17:00:30.295Z] Checked if tokens are valid: true, expires at: 1749921437847
[debug] [2025-06-14T17:00:30.296Z] >>> [apiv2][query] GET https://firebase.googleapis.com/v1beta1/projects/adminlogin-5a98a [none]
[debug] [2025-06-14T17:01:00.304Z] *** [apiv2] error from fetch(https://firebase.googleapis.com/v1beta1/projects/adminlogin-5a98a, {"headers":{},"method":"GET","signal":{}}): AbortError: The user aborted a request.
[debug] [2025-06-14T17:01:00.305Z] Timeout reached making request to https://firebase.googleapis.com/v1beta1/projects/adminlogin-5a98a (original: The user aborted a request.)
[error] 
[error] Error: Assertion failed: resolving hosting target of a site with no site name or target name. This should have caused an error earlier
[debug] [2025-06-14T17:05:16.495Z] ----------------------------------------------------------------------
[debug] [2025-06-14T17:05:16.501Z] Command:       C:\Program Files\nodejs\node.exe C:\Users\raman\AppData\Roaming\npm\node_modules\firebase-tools\lib\bin\firebase.js deploy
[debug] [2025-06-14T17:05:16.501Z] CLI Version:   14.7.0
[debug] [2025-06-14T17:05:16.501Z] Platform:      win32
[debug] [2025-06-14T17:05:16.502Z] Node Version:  v22.14.0
[debug] [2025-06-14T17:05:16.502Z] Time:          Sat Jun 14 2025 22:35:16 GMT+0530 (India Standard Time)
[debug] [2025-06-14T17:05:16.503Z] ----------------------------------------------------------------------
[debug] 
[debug] [2025-06-14T17:05:16.892Z] Object "/database" in "firebase.json" has unknown property: {"additionalProperty":"instance"}
[debug] [2025-06-14T17:05:16.893Z] Field "/database" in "firebase.json" is possibly invalid: must be array
[debug] [2025-06-14T17:05:16.893Z] Field "/database" in "firebase.json" is possibly invalid: must match a schema in anyOf
[debug] [2025-06-14T17:05:16.901Z] > command requires scopes: ["email","openid","https://www.googleapis.com/auth/cloudplatformprojects.readonly","https://www.googleapis.com/auth/firebase","https://www.googleapis.com/auth/cloud-platform"]
[debug] [2025-06-14T17:05:16.902Z] > authorizing via signed-in user (ramangautam0037@gmail.com)
[debug] [2025-06-14T17:05:16.902Z] [iam] checking project adminlogin-5a98a for permissions ["datastore.indexes.create","datastore.indexes.delete","datastore.indexes.list","datastore.indexes.update","firebase.projects.get","firebasedatabase.instances.update","firebasehosting.sites.update"]
[debug] [2025-06-14T17:05:16.904Z] Checked if tokens are valid: false, expires at: 1749921437847
[debug] [2025-06-14T17:05:16.904Z] Checked if tokens are valid: false, expires at: 1749921437847
[debug] [2025-06-14T17:05:16.905Z] > refreshing access token with scopes: []
[debug] [2025-06-14T17:05:16.908Z] >>> [apiv2][query] POST https://www.googleapis.com/oauth2/v3/token [none]
[debug] [2025-06-14T17:05:16.909Z] >>> [apiv2][body] POST https://www.googleapis.com/oauth2/v3/token [omitted]
[debug] [2025-06-14T17:05:39.542Z] *** [apiv2] error from fetch(https://www.googleapis.com/oauth2/v3/token, {"headers":{},"method":"POST","body":{"_overheadLength":545,"_valueLength":212,"_valuesToMeasure":[],"writable":false,"readable":true,"dataSize":0,"maxDataSize":2097152,"pauseStreams":true,"_released":true,"_streams":[],"_currentStream":null,"_insideLoop":false,"_pendingNext":false,"_boundary":"--------------------------512032739060981830168443","_events":{},"_eventsCount":1}}): FetchError: request to https://www.googleapis.com/oauth2/v3/token failed, reason: socket hang up
[error] Authentication Error: Your credentials are no longer valid. Please run firebase login --reauth

For CI servers and headless environments, generate a new token with firebase login:ci
[debug] [2025-06-14T17:05:39.544Z] [iam] error while checking permissions, command may fail: Authentication Error: Your credentials are no longer valid. Please run firebase login --reauth

For CI servers and headless environments, generate a new token with firebase login:ci
[debug] [2025-06-14T17:05:39.545Z] Checked if tokens are valid: false, expires at: 1749921437847
[debug] [2025-06-14T17:05:39.545Z] Checked if tokens are valid: false, expires at: 1749921437847
[debug] [2025-06-14T17:05:39.545Z] > refreshing access token with scopes: []
[debug] [2025-06-14T17:05:39.546Z] >>> [apiv2][query] POST https://www.googleapis.com/oauth2/v3/token [none]
[debug] [2025-06-14T17:05:39.546Z] >>> [apiv2][body] POST https://www.googleapis.com/oauth2/v3/token [omitted]
[debug] [2025-06-14T17:07:05.495Z] ----------------------------------------------------------------------
[debug] [2025-06-14T17:07:05.500Z] Command:       C:\Program Files\nodejs\node.exe C:\Users\raman\AppData\Roaming\npm\node_modules\firebase-tools\lib\bin\firebase.js login --reauth
[debug] [2025-06-14T17:07:05.501Z] CLI Version:   14.7.0
[debug] [2025-06-14T17:07:05.501Z] Platform:      win32
[debug] [2025-06-14T17:07:05.501Z] Node Version:  v22.14.0
[debug] [2025-06-14T17:07:05.502Z] Time:          Sat Jun 14 2025 22:37:05 GMT+0530 (India Standard Time)
[debug] [2025-06-14T17:07:05.502Z] ----------------------------------------------------------------------
[debug] 
[debug] [2025-06-14T17:07:05.872Z] Object "/database" in "firebase.json" has unknown property: {"additionalProperty":"instance"}
[debug] [2025-06-14T17:07:05.872Z] Field "/database" in "firebase.json" is possibly invalid: must be array
[debug] [2025-06-14T17:07:05.873Z] Field "/database" in "firebase.json" is possibly invalid: must match a schema in anyOf
[info] 
[info] Visit this URL on this device to log in:
[info] https://accounts.google.com/o/oauth2/auth?client_id=563584335869-fgrhgmd47bqnekij5i8b5pr03ho849e6.apps.googleusercontent.com&scope=email%20openid%20https%3A%2F%2Fwww.googleapis.com%2Fauth%2Fcloudplatformprojects.readonly%20https%3A%2F%2Fwww.googleapis.com%2Fauth%2Ffirebase%20https%3A%2F%2Fwww.googleapis.com%2Fauth%2Fcloud-platform&response_type=code&state=284643125&redirect_uri=http%3A%2F%2Flocalhost%3A9005&login_hint=ramangautam0037%40gmail.com
[info] 
[info] Waiting for authentication...
